[2024-12-17T06:48:28.461Z] Server running at http://localhost:3000
[2024-12-17T06:48:54.833Z] [object Object]
[2024-12-17T06:49:47.671Z] Server running at http://localhost:3000
[2024-12-17T06:49:50.516Z] 
[2024-12-17T06:51:45.485Z] Server running at http://localhost:3000
[2024-12-17T06:51:47.335Z] Server running at http://localhost:3000
[2024-12-17T06:51:51.305Z] 
[2024-12-17T06:51:55.779Z] 
[2024-12-17T06:53:59.145Z] 
[2024-12-17T06:54:32.401Z] Server running at http://localhost:3000
[2024-12-17T06:54:35.506Z] Server running at http://localhost:3000
[2024-12-17T06:54:37.998Z] Server running at http://localhost:3000
[2024-12-17T06:54:40.984Z] 
[2024-12-17T06:54:54.137Z] Server running at http://localhost:3000
[2024-12-17T06:54:55.403Z] 
[2024-12-17T06:55:04.642Z] Server running at http://localhost:3000
[2024-12-17T06:55:06.651Z] 
[2024-12-17T06:55:06.652Z] [object Object]
[2024-12-17T06:55:50.893Z] function join() { [native code] }
[2024-12-17T06:56:08.327Z] Server running at http://localhost:3000
[2024-12-17T06:56:12.766Z] 
[2024-12-17T06:56:12.767Z] [object Object]
[2024-12-17T06:56:16.394Z] 
[2024-12-17T06:56:16.394Z] [object Object]
[2024-12-17T06:56:42.833Z] Server running at http://localhost:3000
[2024-12-17T06:56:47.278Z] undefined
[2024-12-17T06:56:47.278Z] [object Object]
[2024-12-17T06:57:12.500Z] Server running at http://localhost:3000
[2024-12-17T06:57:14.346Z] Server running at http://localhost:3000
[2024-12-17T06:57:23.459Z] Server running at http://localhost:3000
[2024-12-17T06:57:25.344Z] Server running at http://localhost:3000
[2024-12-17T06:59:26.511Z] Server running at http://localhost:3000
[2024-12-17T06:59:35.541Z] Server running at http://localhost:3000
[2024-12-17T06:59:40.312Z] Server running at http://localhost:3000
[2024-12-17T07:02:52.578Z] Server running at http://localhost:3000
[2024-12-17T07:04:31.228Z] Server running at http://localhost:3000
[2024-12-17T07:04:35.042Z] Server running at http://localhost:3000
[2024-12-17T07:09:05.232Z] Server running at http://localhost:3000
[2024-12-17T07:17:19.878Z] Server running at http://localhost:3000
[2024-12-17T07:17:29.206Z] Server running at http://localhost:3000
[2024-12-17T07:17:31.629Z] Server running at http://localhost:3000
[2024-12-17T07:17:45.228Z] Server running at http://localhost:3000
[2024-12-17T07:18:11.358Z] Server running at http://localhost:3000
[2024-12-17T07:20:34.595Z] Server running at http://localhost:3000
[2024-12-17T07:20:35.639Z] Server running at http://localhost:3000
[2024-12-17T07:20:45.328Z] Server running at http://localhost:3000
[2024-12-17T07:21:41.692Z] Server running at http://localhost:3000
[2024-12-17T07:24:11.564Z] Server running at http://localhost:3000
[2024-12-17T07:24:52.088Z] Server running at http://localhost:3000
[2024-12-17T07:25:25.337Z] Server running at http://localhost:3000
[2024-12-17T07:25:28.178Z] Server running at http://localhost:3000
[2024-12-17T07:25:40.553Z] Server running at http://localhost:3000
[2024-12-17T07:25:45.059Z] Server running at http://localhost:3000
[2024-12-17T07:26:15.594Z] Server running at http://localhost:3000
[2024-12-17T07:26:20.151Z] Server running at http://localhost:3000
[2024-12-17T07:26:24.977Z] Server running at http://localhost:3000
[2024-12-17T07:29:07.656Z] Server running at http://localhost:3000
[2024-12-17T07:29:10.969Z] Server running at http://localhost:3000
[2024-12-17T07:29:18.716Z] Server running at http://localhost:3000
[2024-12-17T07:29:29.954Z] Server running at http://localhost:3000
[2024-12-17T07:30:05.094Z] Server running at http://localhost:3000
[2024-12-17T07:30:11.105Z] Server running at http://localhost:3000
[2024-12-17T07:31:27.839Z] Server running at http://localhost:3000
[2024-12-17T07:31:32.114Z] Server running at http://localhost:3000
[2024-12-17T07:31:37.145Z] [object Object]
